    Updating registry at `/pscratch/sd/b/blaschke/gs_depot/registries/General.toml`
   Resolving package versions...
    Updating registry at `/pscratch/sd/b/blaschke/gs_depot/registries/General.toml`
   Resolving package versions...
    Updating registry at `/pscratch/sd/b/blaschke/gs_depot/registries/General.toml`
   Resolving package versions...
    Updating registry at `/pscratch/sd/b/blaschke/gs_depot/registries/General.toml`
   Resolving package versions...
  No Changes to `/pscratch/sd/b/blaschke/blaschke/GrayScott.jl/Project.toml`
  No Changes to `/pscratch/sd/b/blaschke/blaschke/GrayScott.jl/Manifest.toml`
  No Changes to `/pscratch/sd/b/blaschke/blaschke/GrayScott.jl/Project.toml`
  No Changes to `/pscratch/sd/b/blaschke/blaschke/GrayScott.jl/Manifest.toml`
  No Changes to `/pscratch/sd/b/blaschke/blaschke/GrayScott.jl/Project.toml`
  No Changes to `/pscratch/sd/b/blaschke/blaschke/GrayScott.jl/Manifest.toml`
    Updating registry at `/pscratch/sd/b/blaschke/gs_depot/registries/General.toml`
   Resolving package versions...
    Updating registry at `/pscratch/sd/b/blaschke/gs_depot/registries/General.toml`
   Resolving package versions...
    Updating registry at `/pscratch/sd/b/blaschke/gs_depot/registries/General.toml`
   Resolving package versions...
    Updating registry at `/pscratch/sd/b/blaschke/gs_depot/registries/General.toml`
   Resolving package versions...
  No Changes to `/pscratch/sd/b/blaschke/blaschke/GrayScott.jl/Project.toml`
  No Changes to `/pscratch/sd/b/blaschke/blaschke/GrayScott.jl/Manifest.toml`
  No Changes to `/pscratch/sd/b/blaschke/blaschke/GrayScott.jl/Project.toml`
  No Changes to `/pscratch/sd/b/blaschke/blaschke/GrayScott.jl/Manifest.toml`
  No Changes to `/pscratch/sd/b/blaschke/blaschke/GrayScott.jl/Project.toml`
  No Changes to `/pscratch/sd/b/blaschke/blaschke/GrayScott.jl/Manifest.toml`
  No Changes to `/pscratch/sd/b/blaschke/blaschke/GrayScott.jl/Project.toml`
  No Changes to `/pscratch/sd/b/blaschke/blaschke/GrayScott.jl/Manifest.toml`
    Updating registry at `/pscratch/sd/b/blaschke/gs_depot/registries/General.toml`
   Resolving package versions...
  No Changes to `/pscratch/sd/b/blaschke/blaschke/GrayScott.jl/Project.toml`
  No Changes to `/pscratch/sd/b/blaschke/blaschke/GrayScott.jl/Manifest.toml`
    Updating registry at `/pscratch/sd/b/blaschke/gs_depot/registries/General.toml`
   Resolving package versions...
Precompiling project...
Precompiling project...
Precompiling project...
    JACCCUDA Being precompiled by another process (pid: 1893990, pidfile: /pscratch/sd/b/blaschke/gs_depot/compiled/v1.10/JACCCUDA/HpbLI_z5c7n.ji.pidfile)
    JACCCUDA Being precompiled by another process (pid: 1893990, pidfile: /pscratch/sd/b/blaschke/gs_depot/compiled/v1.10/JACCCUDA/HpbLI_z5c7n.ji.pidfile)
    GrayScott Being precompiled by another machine (hostname: nid003336, pid: 1600551, pidfile: /pscratch/sd/b/blaschke/gs_depot/compiled/v1.10/GrayScott/IFF6I_z5c7n.ji.pidfile)
    GrayScott Being precompiled by another machine (hostname: nid003336, pid: 1600551, pidfile: /pscratch/sd/b/blaschke/gs_depot/compiled/v1.10/GrayScott/IFF6I_z5c7n.ji.pidfile)
    GrayScott Being precompiled by another machine (hostname: nid003336, pid: 1600551, pidfile: /pscratch/sd/b/blaschke/gs_depot/compiled/v1.10/GrayScott/IFF6I_z5c7n.ji.pidfile)
  ? JACC → JACCCUDA
  ✓ JACC → JACCCUDA
  ✓ JACC → JACCCUDA
  No Changes to `/pscratch/sd/b/blaschke/blaschke/GrayScott.jl/Project.toml`
  No Changes to `/pscratch/sd/b/blaschke/blaschke/GrayScott.jl/Manifest.toml`
  No Changes to `/pscratch/sd/b/blaschke/blaschke/GrayScott.jl/Project.toml`
  No Changes to `/pscratch/sd/b/blaschke/blaschke/GrayScott.jl/Manifest.toml`
Precompiling project...
    GrayScott Being precompiled by another machine (hostname: nid003336, pid: 1600551, pidfile: /pscratch/sd/b/blaschke/gs_depot/compiled/v1.10/GrayScott/IFF6I_z5c7n.ji.pidfile)
  ? JACC → JACCCUDA
Precompiling project...
Precompiling project...
    JACCCUDA Being precompiled by another process (pid: 1028649, pidfile: /pscratch/sd/b/blaschke/gs_depot/compiled/v1.10/JACCCUDA/HpbLI_z5c7n.ji.pidfile)
    GrayScott Being precompiled by another machine (hostname: nid003336, pid: 1600551, pidfile: /pscratch/sd/b/blaschke/gs_depot/compiled/v1.10/GrayScott/IFF6I_z5c7n.ji.pidfile)
Precompiling project...
    JACCCUDA Being precompiled by another process (pid: 1028649, pidfile: /pscratch/sd/b/blaschke/gs_depot/compiled/v1.10/JACCCUDA/HpbLI_z5c7n.ji.pidfile)
    GrayScott Being precompiled by another machine (hostname: nid003336, pid: 1600551, pidfile: /pscratch/sd/b/blaschke/gs_depot/compiled/v1.10/GrayScott/IFF6I_z5c7n.ji.pidfile)
    GrayScott Being precompiled by another machine (hostname: nid003336, pid: 1600551, pidfile: /pscratch/sd/b/blaschke/gs_depot/compiled/v1.10/GrayScott/IFF6I_z5c7n.ji.pidfile)
  ? JACC → JACCCUDA
  ✓ JACC → JACCCUDA
Precompiling project...
    JACCCUDA Being precompiled by another process (pid: 1028644, pidfile: /pscratch/sd/b/blaschke/gs_depot/compiled/v1.10/JACCCUDA/HpbLI_z5c7n.ji.pidfile)
    GrayScott Being precompiled by another machine (hostname: nid003336, pid: 1600551, pidfile: /pscratch/sd/b/blaschke/gs_depot/compiled/v1.10/GrayScott/IFF6I_z5c7n.ji.pidfile)
  ✓ JACC → JACCCUDA
  ✓ JACC → JACCCUDA
Precompiling project...
Precompiling project...
    JACCCUDA Being precompiled by another process (pid: 1600555, pidfile: /pscratch/sd/b/blaschke/gs_depot/compiled/v1.10/JACCCUDA/HpbLI_z5c7n.ji.pidfile)
    GrayScott Being precompiled by another process (pid: 1600550, pidfile: /pscratch/sd/b/blaschke/gs_depot/compiled/v1.10/GrayScott/IFF6I_z5c7n.ji.pidfile)
    Updating registry at `/pscratch/sd/b/blaschke/gs_depot/registries/General.toml`
   Resolving package versions...
  ? JACC → JACCCUDA
  ✓ JACC → JACCCUDA
  ? GrayScott
  1 dependency successfully precompiled in 7 seconds. 124 already precompiled.
  1 dependency precompiled but a different version is currently loaded. Restart julia to access the new version
  1 dependency failed but may be precompilable after restarting julia
    Updating registry at `/pscratch/sd/b/blaschke/gs_depot/registries/General.toml`
   Resolving package versions...
  ✓ GrayScott
  1 dependency successfully precompiled in 9 seconds. 124 already precompiled.
  1 dependency precompiled but a different version is currently loaded. Restart julia to access the new version
  1 dependency failed but may be precompilable after restarting julia
┌ Warning: Module JACC with build ID ffffffff-ffff-ffff-0000-e286bc32eef1 is missing from the cache.
│ This may mean JACC [0979c8fe-16a4-4796-9b82-89a9f10403ea] does not support precompilation but is imported by a module that does.
└ @ Base loading.jl:1948
┌ Warning: Module JACC with build ID ffffffff-ffff-ffff-0000-e2866dc6f902 is missing from the cache.
│ This may mean JACC [0979c8fe-16a4-4796-9b82-89a9f10403ea] does not support precompilation but is imported by a module that does.
└ @ Base loading.jl:1948
  No Changes to `/pscratch/sd/b/blaschke/blaschke/GrayScott.jl/Project.toml`
  No Changes to `/pscratch/sd/b/blaschke/blaschke/GrayScott.jl/Manifest.toml`
  No Changes to `/pscratch/sd/b/blaschke/blaschke/GrayScott.jl/Project.toml`
  No Changes to `/pscratch/sd/b/blaschke/blaschke/GrayScott.jl/Manifest.toml`
    Updating registry at `/pscratch/sd/b/blaschke/gs_depot/registries/General.toml`
   Resolving package versions...
    Updating registry at `/pscratch/sd/b/blaschke/gs_depot/registries/General.toml`
   Resolving package versions...
    Updating registry at `/pscratch/sd/b/blaschke/gs_depot/registries/General.toml`
   Resolving package versions...
    Updating registry at `/pscratch/sd/b/blaschke/gs_depot/registries/General.toml`
  ✓ GrayScott
  2 dependencies successfully precompiled in 38 seconds. 124 already precompiled.
  1 dependency precompiled but a different version is currently loaded. Restart julia to access the new version
   Resolving package versions...
  ✓ GrayScott
  2 dependencies successfully precompiled in 39 seconds. 124 already precompiled.
  1 dependency precompiled but a different version is currently loaded. Restart julia to access the new version
  ✓ GrayScott
  1 dependency successfully precompiled in 38 seconds. 124 already precompiled.
  1 dependency precompiled but a different version is currently loaded. Restart julia to access the new version
  1 dependency failed but may be precompilable after restarting julia
Precompiling project...
Precompiling project...
    JACCCUDA Being precompiled by another process (pid: 1600551, pidfile: /pscratch/sd/b/blaschke/gs_depot/compiled/v1.10/JACCCUDA/HpbLI_z5c7n.ji.pidfile)
    GrayScott Being precompiled by another process (pid: 1600553, pidfile: /pscratch/sd/b/blaschke/gs_depot/compiled/v1.10/GrayScott/IFF6I_z5c7n.ji.pidfile)
  No Changes to `/pscratch/sd/b/blaschke/blaschke/GrayScott.jl/Project.toml`
  No Changes to `/pscratch/sd/b/blaschke/blaschke/GrayScott.jl/Manifest.toml`
  ? JACC → JACCCUDA
  No Changes to `/pscratch/sd/b/blaschke/blaschke/GrayScott.jl/Project.toml`
  No Changes to `/pscratch/sd/b/blaschke/blaschke/GrayScott.jl/Manifest.toml`
  ✓ JACC → JACCCUDA
  ? GrayScott
  1 dependency successfully precompiled in 3 seconds. 124 already precompiled.
  1 dependency precompiled but a different version is currently loaded. Restart julia to access the new version
  1 dependency failed but may be precompilable after restarting julia
┌ Warning: Module JACC with build ID ffffffff-ffff-ffff-0000-f6fc9ea19e0c is missing from the cache.
│ This may mean JACC [0979c8fe-16a4-4796-9b82-89a9f10403ea] does not support precompilation but is imported by a module that does.
└ @ Base loading.jl:1948
┌ Warning: Module JACC with build ID ffffffff-ffff-ffff-0000-f6fce9a94862 is missing from the cache.
│ This may mean JACC [0979c8fe-16a4-4796-9b82-89a9f10403ea] does not support precompilation but is imported by a module that does.
└ @ Base loading.jl:1948
  No Changes to `/pscratch/sd/b/blaschke/blaschke/GrayScott.jl/Project.toml`
  No Changes to `/pscratch/sd/b/blaschke/blaschke/GrayScott.jl/Manifest.toml`
┌ Warning: Module JACC with build ID ffffffff-ffff-ffff-0000-f6fd36aa5f73 is missing from the cache.
│ This may mean JACC [0979c8fe-16a4-4796-9b82-89a9f10403ea] does not support precompilation but is imported by a module that does.
└ @ Base loading.jl:1948
  ✓ GrayScott
  1 dependency successfully precompiled in 4 seconds. 124 already precompiled.
  1 dependency precompiled but a different version is currently loaded. Restart julia to access the new version
  1 dependency failed but may be precompilable after restarting julia
  No Changes to `/pscratch/sd/b/blaschke/blaschke/GrayScott.jl/Project.toml`
  No Changes to `/pscratch/sd/b/blaschke/blaschke/GrayScott.jl/Manifest.toml`
┌ Warning: Module JACC with build ID ffffffff-ffff-ffff-0000-e28c02945589 is missing from the cache.
│ This may mean JACC [0979c8fe-16a4-4796-9b82-89a9f10403ea] does not support precompilation but is imported by a module that does.
└ @ Base loading.jl:1948
  ✓ GrayScott
  2 dependencies successfully precompiled in 32 seconds. 124 already precompiled.
  1 dependency precompiled but a different version is currently loaded. Restart julia to access the new version
┌ Warning: Module JACC with build ID ffffffff-ffff-ffff-0000-e28bb53dc1fc is missing from the cache.
│ This may mean JACC [0979c8fe-16a4-4796-9b82-89a9f10403ea] does not support precompilation but is imported by a module that does.
└ @ Base loading.jl:1948
┌ Warning: Module JACC with build ID ffffffff-ffff-ffff-0005-f42baa25d01d is missing from the cache.
│ This may mean JACC [0979c8fe-16a4-4796-9b82-89a9f10403ea] does not support precompilation but is imported by a module that does.
└ @ Base loading.jl:1948
    Updating registry at `/pscratch/sd/b/blaschke/gs_depot/registries/General.toml`
   Resolving package versions...
Precompiling project...
Precompiling project...
Precompiling project...
    JACCCUDA Being precompiled by another process (pid: 2197225, pidfile: /pscratch/sd/b/blaschke/gs_depot/compiled/v1.10/JACCCUDA/HpbLI_z5c7n.ji.pidfile)
    JACCCUDA Being precompiled by another process (pid: 2197225, pidfile: /pscratch/sd/b/blaschke/gs_depot/compiled/v1.10/JACCCUDA/HpbLI_z5c7n.ji.pidfile)
    GrayScott Being precompiled by another process (pid: 2197220, pidfile: /pscratch/sd/b/blaschke/gs_depot/compiled/v1.10/GrayScott/IFF6I_z5c7n.ji.pidfile)
    GrayScott Being precompiled by another process (pid: 2197220, pidfile: /pscratch/sd/b/blaschke/gs_depot/compiled/v1.10/GrayScott/IFF6I_z5c7n.ji.pidfile)
  ? JACC → JACCCUDA
    Updating registry at `/pscratch/sd/b/blaschke/gs_depot/registries/General.toml`
  ✓ JACC → JACCCUDA
   Resolving package versions...
  ? GrayScott
  ✓ JACC → JACCCUDA
  1 dependency successfully precompiled in 4 seconds. 124 already precompiled.
  1 dependency precompiled but a different version is currently loaded. Restart julia to access the new version
  1 dependency failed but may be precompilable after restarting julia
Precompiling project...
    GrayScott Being precompiled by another process (pid: 2197225, pidfile: /pscratch/sd/b/blaschke/gs_depot/compiled/v1.10/GrayScott/IFF6I_z5c7n.ji.pidfile)
    Updating registry at `/pscratch/sd/b/blaschke/gs_depot/registries/General.toml`
  ? JACC → JACCCUDA
   Resolving package versions...
  ✓ GrayScott
  1 dependency successfully precompiled in 5 seconds. 124 already precompiled.
  1 dependency precompiled but a different version is currently loaded. Restart julia to access the new version
  1 dependency failed but may be precompilable after restarting julia
  ✓ GrayScott
  2 dependencies successfully precompiled in 5 seconds. 124 already precompiled.
  1 dependency precompiled but a different version is currently loaded. Restart julia to access the new version
  ✓ GrayScott
  1 dependency successfully precompiled in 5 seconds. 124 already precompiled.
  1 dependency precompiled but a different version is currently loaded. Restart julia to access the new version
  1 dependency failed but may be precompilable after restarting julia
┌ Warning: Module JACC with build ID ffffffff-ffff-ffff-0005-f4278c6492d4 is missing from the cache.
│ This may mean JACC [0979c8fe-16a4-4796-9b82-89a9f10403ea] does not support precompilation but is imported by a module that does.
└ @ Base loading.jl:1948
┌ Warning: Module JACC with build ID ffffffff-ffff-ffff-0005-f4282f0b015d is missing from the cache.
│ This may mean JACC [0979c8fe-16a4-4796-9b82-89a9f10403ea] does not support precompilation but is imported by a module that does.
└ @ Base loading.jl:1948
  No Changes to `/pscratch/sd/b/blaschke/blaschke/GrayScott.jl/Project.toml`
  No Changes to `/pscratch/sd/b/blaschke/blaschke/GrayScott.jl/Manifest.toml`
┌ Warning: Module JACC with build ID ffffffff-ffff-ffff-0005-f427dfe51601 is missing from the cache.
│ This may mean JACC [0979c8fe-16a4-4796-9b82-89a9f10403ea] does not support precompilation but is imported by a module that does.
└ @ Base loading.jl:1948
  No Changes to `/pscratch/sd/b/blaschke/blaschke/GrayScott.jl/Project.toml`
  No Changes to `/pscratch/sd/b/blaschke/blaschke/GrayScott.jl/Manifest.toml`
┌ Warning: Module JACC with build ID ffffffff-ffff-ffff-0005-f42895604816 is missing from the cache.
│ This may mean JACC [0979c8fe-16a4-4796-9b82-89a9f10403ea] does not support precompilation but is imported by a module that does.
└ @ Base loading.jl:1948
  ✓ GrayScott
  1 dependency successfully precompiled in 53 seconds. 124 already precompiled.
  1 dependency precompiled but a different version is currently loaded. Restart julia to access the new version
  1 dependency failed but may be precompilable after restarting julia
  No Changes to `/pscratch/sd/b/blaschke/blaschke/GrayScott.jl/Project.toml`
  No Changes to `/pscratch/sd/b/blaschke/blaschke/GrayScott.jl/Manifest.toml`
  ✓ GrayScott
  2 dependencies successfully precompiled in 53 seconds. 124 already precompiled.
  1 dependency precompiled but a different version is currently loaded. Restart julia to access the new version
┌ Warning: Module JACC with build ID ffffffff-ffff-ffff-0000-f6fc52bacc32 is missing from the cache.
│ This may mean JACC [0979c8fe-16a4-4796-9b82-89a9f10403ea] does not support precompilation but is imported by a module that does.
└ @ Base loading.jl:1948
  ✓ GrayScott
  1 dependency successfully precompiled in 55 seconds. 124 already precompiled.
  1 dependency precompiled but a different version is currently loaded. Restart julia to access the new version
  1 dependency failed but may be precompilable after restarting julia
  ✓ GrayScott
  2 dependencies successfully precompiled in 58 seconds. 124 already precompiled.
  1 dependency precompiled but a different version is currently loaded. Restart julia to access the new version
┌ Warning: Module JACC with build ID ffffffff-ffff-ffff-0005-f42b5a9c3366 is missing from the cache.
│ This may mean JACC [0979c8fe-16a4-4796-9b82-89a9f10403ea] does not support precompilation but is imported by a module that does.
└ @ Base loading.jl:1948
┌ Warning: Module JACC with build ID ffffffff-ffff-ffff-0005-f42ab1c28ab0 is missing from the cache.
│ This may mean JACC [0979c8fe-16a4-4796-9b82-89a9f10403ea] does not support precompilation but is imported by a module that does.
└ @ Base loading.jl:1948
┌ Warning: Module JACC with build ID ffffffff-ffff-ffff-0005-f42aff0abe2d is missing from the cache.
│ This may mean JACC [0979c8fe-16a4-4796-9b82-89a9f10403ea] does not support precompilation but is imported by a module that does.
└ @ Base loading.jl:1948
    Updating registry at `/pscratch/sd/b/blaschke/gs_depot/registries/General.toml`
   Resolving package versions...
Precompiling project...
Precompiling project...
    JACCCUDA Being precompiled by another process (pid: 1855212, pidfile: /pscratch/sd/b/blaschke/gs_depot/compiled/v1.10/JACCCUDA/HpbLI_z5c7n.ji.pidfile)
Precompiling project...
    JACCCUDA Being precompiled by another process (pid: 1855212, pidfile: /pscratch/sd/b/blaschke/gs_depot/compiled/v1.10/JACCCUDA/HpbLI_z5c7n.ji.pidfile)
    GrayScott Being precompiled by another process (pid: 1855210, pidfile: /pscratch/sd/b/blaschke/gs_depot/compiled/v1.10/GrayScott/IFF6I_z5c7n.ji.pidfile)
    GrayScott Being precompiled by another process (pid: 1855210, pidfile: /pscratch/sd/b/blaschke/gs_depot/compiled/v1.10/GrayScott/IFF6I_z5c7n.ji.pidfile)
  ? JACC → JACCCUDA
  ✓ JACC → JACCCUDA
  ? GrayScott
  ✓ JACC → JACCCUDA
  1 dependency successfully precompiled in 3 seconds. 124 already precompiled.
  1 dependency precompiled but a different version is currently loaded. Restart julia to access the new version
  1 dependency failed but may be precompilable after restarting julia
  ✓ GrayScott
  2 dependencies successfully precompiled in 7 seconds. 124 already precompiled.
  1 dependency precompiled but a different version is currently loaded. Restart julia to access the new version
  ✓ GrayScott
  1 dependency successfully precompiled in 7 seconds. 124 already precompiled.
  1 dependency precompiled but a different version is currently loaded. Restart julia to access the new version
  1 dependency failed but may be precompilable after restarting julia
  No Changes to `/pscratch/sd/b/blaschke/blaschke/GrayScott.jl/Project.toml`
  No Changes to `/pscratch/sd/b/blaschke/blaschke/GrayScott.jl/Manifest.toml`
┌ Warning: Module JACC with build ID ffffffff-ffff-ffff-0005-f4399100b999 is missing from the cache.
│ This may mean JACC [0979c8fe-16a4-4796-9b82-89a9f10403ea] does not support precompilation but is imported by a module that does.
└ @ Base loading.jl:1948
┌ Warning: Module JACC with build ID ffffffff-ffff-ffff-0005-f438f05663f6 is missing from the cache.
│ This may mean JACC [0979c8fe-16a4-4796-9b82-89a9f10403ea] does not support precompilation but is imported by a module that does.
└ @ Base loading.jl:1948
┌ Warning: Module JACC with build ID ffffffff-ffff-ffff-0005-f43940c945ff is missing from the cache.
│ This may mean JACC [0979c8fe-16a4-4796-9b82-89a9f10403ea] does not support precompilation but is imported by a module that does.
└ @ Base loading.jl:1948
    Updating registry at `/pscratch/sd/b/blaschke/gs_depot/registries/General.toml`
   Resolving package versions...
    Updating registry at `/pscratch/sd/b/blaschke/gs_depot/registries/General.toml`
   Resolving package versions...
    Updating registry at `/pscratch/sd/b/blaschke/gs_depot/registries/General.toml`
   Resolving package versions...
Precompiling project...
    Updating registry at `/pscratch/sd/b/blaschke/gs_depot/registries/General.toml`
   Resolving package versions...
  ? JACC → JACCCUDA
  ? GrayScott
  No Changes to `/pscratch/sd/b/blaschke/blaschke/GrayScott.jl/Project.toml`
  No Changes to `/pscratch/sd/b/blaschke/blaschke/GrayScott.jl/Manifest.toml`
  No Changes to `/pscratch/sd/b/blaschke/blaschke/GrayScott.jl/Project.toml`
  No Changes to `/pscratch/sd/b/blaschke/blaschke/GrayScott.jl/Manifest.toml`
┌ Warning: Module JACC with build ID ffffffff-ffff-ffff-0005-f43d49ccfc57 is missing from the cache.
│ This may mean JACC [0979c8fe-16a4-4796-9b82-89a9f10403ea] does not support precompilation but is imported by a module that does.
└ @ Base loading.jl:1948
  No Changes to `/pscratch/sd/b/blaschke/blaschke/GrayScott.jl/Project.toml`
  No Changes to `/pscratch/sd/b/blaschke/blaschke/GrayScott.jl/Manifest.toml`
    Updating registry at `/pscratch/sd/b/blaschke/gs_depot/registries/General.toml`
  No Changes to `/pscratch/sd/b/blaschke/blaschke/GrayScott.jl/Project.toml`
   Resolving package versions...
  No Changes to `/pscratch/sd/b/blaschke/blaschke/GrayScott.jl/Manifest.toml`
    Updating registry at `/pscratch/sd/b/blaschke/gs_depot/registries/General.toml`
   Resolving package versions...
    Updating registry at `/pscratch/sd/b/blaschke/gs_depot/registries/General.toml`
   Resolving package versions...
    Updating registry at `/pscratch/sd/b/blaschke/gs_depot/registries/General.toml`
   Resolving package versions...
  No Changes to `/pscratch/sd/b/blaschke/blaschke/GrayScott.jl/Project.toml`
  No Changes to `/pscratch/sd/b/blaschke/blaschke/GrayScott.jl/Manifest.toml`
  No Changes to `/pscratch/sd/b/blaschke/blaschke/GrayScott.jl/Project.toml`
  No Changes to `/pscratch/sd/b/blaschke/blaschke/GrayScott.jl/Manifest.toml`
  No Changes to `/pscratch/sd/b/blaschke/blaschke/GrayScott.jl/Project.toml`
  No Changes to `/pscratch/sd/b/blaschke/blaschke/GrayScott.jl/Manifest.toml`
Precompiling project...
Precompiling project...
Precompiling project...
    JACCCUDA Being precompiled by another process (pid: 1725839, pidfile: /pscratch/sd/b/blaschke/gs_depot/compiled/v1.10/JACCCUDA/HpbLI_z5c7n.ji.pidfile)
    JACCCUDA Being precompiled by another process (pid: 1725839, pidfile: /pscratch/sd/b/blaschke/gs_depot/compiled/v1.10/JACCCUDA/HpbLI_z5c7n.ji.pidfile)
    GrayScott Being precompiled by another machine (hostname: nid003773, pid: 412449, pidfile: /pscratch/sd/b/blaschke/gs_depot/compiled/v1.10/GrayScott/IFF6I_z5c7n.ji.pidfile)
    GrayScott Being precompiled by another machine (hostname: nid003773, pid: 412449, pidfile: /pscratch/sd/b/blaschke/gs_depot/compiled/v1.10/GrayScott/IFF6I_z5c7n.ji.pidfile)
    GrayScott Being precompiled by another machine (hostname: nid003773, pid: 412449, pidfile: /pscratch/sd/b/blaschke/gs_depot/compiled/v1.10/GrayScott/IFF6I_z5c7n.ji.pidfile)
  No Changes to `/pscratch/sd/b/blaschke/blaschke/GrayScott.jl/Project.toml`
  No Changes to `/pscratch/sd/b/blaschke/blaschke/GrayScott.jl/Manifest.toml`
    Updating registry at `/pscratch/sd/b/blaschke/gs_depot/registries/General.toml`
   Resolving package versions...
Precompiling project...
    JACCCUDA Being precompiled by another process (pid: 1725839, pidfile: /pscratch/sd/b/blaschke/gs_depot/compiled/v1.10/JACCCUDA/HpbLI_z5c7n.ji.pidfile)
    GrayScott Being precompiled by another machine (hostname: nid003773, pid: 412452, pidfile: /pscratch/sd/b/blaschke/gs_depot/compiled/v1.10/GrayScott/IFF6I_z5c7n.ji.pidfile)
    Updating registry at `/pscratch/sd/b/blaschke/gs_depot/registries/General.toml`
   Resolving package versions...
    Updating registry at `/pscratch/sd/b/blaschke/gs_depot/registries/General.toml`
   Resolving package versions...
    Updating registry at `/pscratch/sd/b/blaschke/gs_depot/registries/General.toml`
   Resolving package versions...
  No Changes to `/pscratch/sd/b/blaschke/blaschke/GrayScott.jl/Project.toml`
  No Changes to `/pscratch/sd/b/blaschke/blaschke/GrayScott.jl/Manifest.toml`
  No Changes to `/pscratch/sd/b/blaschke/blaschke/GrayScott.jl/Project.toml`
  No Changes to `/pscratch/sd/b/blaschke/blaschke/GrayScott.jl/Manifest.toml`
  No Changes to `/pscratch/sd/b/blaschke/blaschke/GrayScott.jl/Project.toml`
  No Changes to `/pscratch/sd/b/blaschke/blaschke/GrayScott.jl/Manifest.toml`
Precompiling project...
Precompiling project...
Precompiling project...
    JACCCUDA Being precompiled by another machine (hostname: nid003297, pid: 1725839, pidfile: /pscratch/sd/b/blaschke/gs_depot/compiled/v1.10/JACCCUDA/HpbLI_z5c7n.ji.pidfile)
    JACCCUDA Being precompiled by another machine (hostname: nid003297, pid: 1725839, pidfile: /pscratch/sd/b/blaschke/gs_depot/compiled/v1.10/JACCCUDA/HpbLI_z5c7n.ji.pidfile)
    JACCCUDA Being precompiled by another machine (hostname: nid003297, pid: 1725839, pidfile: /pscratch/sd/b/blaschke/gs_depot/compiled/v1.10/JACCCUDA/HpbLI_z5c7n.ji.pidfile)
    GrayScott Being precompiled by another machine (hostname: nid003297, pid: 1725837, pidfile: /pscratch/sd/b/blaschke/gs_depot/compiled/v1.10/GrayScott/IFF6I_z5c7n.ji.pidfile)
    GrayScott Being precompiled by another machine (hostname: nid003297, pid: 1725837, pidfile: /pscratch/sd/b/blaschke/gs_depot/compiled/v1.10/GrayScott/IFF6I_z5c7n.ji.pidfile)
    GrayScott Being precompiled by another machine (hostname: nid003297, pid: 1725837, pidfile: /pscratch/sd/b/blaschke/gs_depot/compiled/v1.10/GrayScott/IFF6I_z5c7n.ji.pidfile)
  ? JACC → JACCCUDA
  ✓ JACC → JACCCUDA
  No Changes to `/pscratch/sd/b/blaschke/blaschke/GrayScott.jl/Project.toml`
  No Changes to `/pscratch/sd/b/blaschke/blaschke/GrayScott.jl/Manifest.toml`
Precompiling project...
    JACCCUDA Being precompiled by another machine (hostname: nid003297, pid: 1725835, pidfile: /pscratch/sd/b/blaschke/gs_depot/compiled/v1.10/JACCCUDA/HpbLI_z5c7n.ji.pidfile)
    GrayScott Being precompiled by another machine (hostname: nid003297, pid: 1725837, pidfile: /pscratch/sd/b/blaschke/gs_depot/compiled/v1.10/GrayScott/IFF6I_z5c7n.ji.pidfile)
  ✓ GrayScott
  2 dependencies successfully precompiled in 15 seconds. 124 already precompiled.
  1 dependency precompiled but a different version is currently loaded. Restart julia to access the new version
  ✓ JACC → JACCCUDA
  ✓ JACC → JACCCUDA
  ✓ GrayScott
  2 dependencies successfully precompiled in 14 seconds. 124 already precompiled.
  1 dependency precompiled but a different version is currently loaded. Restart julia to access the new version
  ✓ GrayScott
  1 dependency successfully precompiled in 18 seconds. 124 already precompiled.
  1 dependency precompiled but a different version is currently loaded. Restart julia to access the new version
  1 dependency failed but may be precompilable after restarting julia
  ✓ GrayScott
  2 dependencies successfully precompiled in 15 seconds. 124 already precompiled.
  1 dependency precompiled but a different version is currently loaded. Restart julia to access the new version
┌ Warning: Module JACC with build ID ffffffff-ffff-ffff-0005-f4391ba0be57 is missing from the cache.
│ This may mean JACC [0979c8fe-16a4-4796-9b82-89a9f10403ea] does not support precompilation but is imported by a module that does.
└ @ Base loading.jl:1948
┌ Warning: Module JACC with build ID ffffffff-ffff-ffff-0005-f43967ff39bd is missing from the cache.
│ This may mean JACC [0979c8fe-16a4-4796-9b82-89a9f10403ea] does not support precompilation but is imported by a module that does.
└ @ Base loading.jl:1948
┌ Warning: Module JACC with build ID ffffffff-ffff-ffff-0005-f438ced9a655 is missing from the cache.
│ This may mean JACC [0979c8fe-16a4-4796-9b82-89a9f10403ea] does not support precompilation but is imported by a module that does.
└ @ Base loading.jl:1948
┌ Warning: Module JACC with build ID ffffffff-ffff-ffff-0005-f439bd294b09 is missing from the cache.
│ This may mean JACC [0979c8fe-16a4-4796-9b82-89a9f10403ea] does not support precompilation but is imported by a module that does.
└ @ Base loading.jl:1948
  ✓ JACC → JACCCUDA
Precompiling project...
Precompiling project...
Precompiling project...
    JACCCUDA Being precompiled by another machine (hostname: nid001260, pid: 204546, pidfile: /pscratch/sd/b/blaschke/gs_depot/compiled/v1.10/JACCCUDA/HpbLI_z5c7n.ji.pidfile)
    JACCCUDA Being precompiled by another machine (hostname: nid001260, pid: 204546, pidfile: /pscratch/sd/b/blaschke/gs_depot/compiled/v1.10/JACCCUDA/HpbLI_z5c7n.ji.pidfile)
    JACCCUDA Being precompiled by another machine (hostname: nid001260, pid: 204546, pidfile: /pscratch/sd/b/blaschke/gs_depot/compiled/v1.10/JACCCUDA/HpbLI_z5c7n.ji.pidfile)
    GrayScott Being precompiled by another machine (hostname: nid001260, pid: 204546, pidfile: /pscratch/sd/b/blaschke/gs_depot/compiled/v1.10/GrayScott/IFF6I_z5c7n.ji.pidfile)
    GrayScott Being precompiled by another machine (hostname: nid001260, pid: 204546, pidfile: /pscratch/sd/b/blaschke/gs_depot/compiled/v1.10/GrayScott/IFF6I_z5c7n.ji.pidfile)
    GrayScott Being precompiled by another machine (hostname: nid001260, pid: 204546, pidfile: /pscratch/sd/b/blaschke/gs_depot/compiled/v1.10/GrayScott/IFF6I_z5c7n.ji.pidfile)
  ✓ JACC → JACCCUDA
  ✓ GrayScott
  2 dependencies successfully precompiled in 15 seconds. 124 already precompiled.
  1 dependency precompiled but a different version is currently loaded. Restart julia to access the new version
  ✓ JACC → JACCCUDA
Precompiling project...
    JACCCUDA Being precompiled by another machine (hostname: nid001260, pid: 204541, pidfile: /pscratch/sd/b/blaschke/gs_depot/compiled/v1.10/JACCCUDA/HpbLI_z5c7n.ji.pidfile)
    GrayScott Being precompiled by another machine (hostname: nid001260, pid: 204541, pidfile: /pscratch/sd/b/blaschke/gs_depot/compiled/v1.10/GrayScott/IFF6I_z5c7n.ji.pidfile)
  ✓ JACC → JACCCUDA
  ✓ GrayScott
  2 dependencies successfully precompiled in 13 seconds. 124 already precompiled.
  1 dependency precompiled but a different version is currently loaded. Restart julia to access the new version
  ✓ GrayScott
  2 dependencies successfully precompiled in 15 seconds. 124 already precompiled.
  1 dependency precompiled but a different version is currently loaded. Restart julia to access the new version
  ✓ GrayScott
  2 dependencies successfully precompiled in 18 seconds. 124 already precompiled.
  1 dependency precompiled but a different version is currently loaded. Restart julia to access the new version
┌ Warning: Module JACC with build ID ffffffff-ffff-ffff-0000-4f4579d559c9 is missing from the cache.
│ This may mean JACC [0979c8fe-16a4-4796-9b82-89a9f10403ea] does not support precompilation but is imported by a module that does.
└ @ Base loading.jl:1948
┌ Warning: Module JACC with build ID ffffffff-ffff-ffff-0000-4f4668abe77b is missing from the cache.
│ This may mean JACC [0979c8fe-16a4-4796-9b82-89a9f10403ea] does not support precompilation but is imported by a module that does.
└ @ Base loading.jl:1948
┌ Warning: Module JACC with build ID ffffffff-ffff-ffff-0000-4f4615b10564 is missing from the cache.
│ This may mean JACC [0979c8fe-16a4-4796-9b82-89a9f10403ea] does not support precompilation but is imported by a module that does.
└ @ Base loading.jl:1948
┌ Warning: Module JACC with build ID ffffffff-ffff-ffff-0000-4f45c6867989 is missing from the cache.
│ This may mean JACC [0979c8fe-16a4-4796-9b82-89a9f10403ea] does not support precompilation but is imported by a module that does.
└ @ Base loading.jl:1948
  ✓ JACC → JACCCUDA
  ✓ JACC → JACCCUDA
  ✓ GrayScott
  2 dependencies successfully precompiled in 14 seconds. 124 already precompiled.
  1 dependency precompiled but a different version is currently loaded. Restart julia to access the new version
  ✓ JACC → JACCCUDA
  ✓ JACC → JACCCUDA
  ✓ GrayScott
  2 dependencies successfully precompiled in 13 seconds. 124 already precompiled.
  1 dependency precompiled but a different version is currently loaded. Restart julia to access the new version
  ✓ GrayScott
  2 dependencies successfully precompiled in 18 seconds. 124 already precompiled.
  1 dependency precompiled but a different version is currently loaded. Restart julia to access the new version
  ✓ GrayScott
  2 dependencies successfully precompiled in 16 seconds. 124 already precompiled.
  1 dependency precompiled but a different version is currently loaded. Restart julia to access the new version
┌ Warning: Module JACC with build ID ffffffff-ffff-ffff-0005-f44020d6fddb is missing from the cache.
│ This may mean JACC [0979c8fe-16a4-4796-9b82-89a9f10403ea] does not support precompilation but is imported by a module that does.
└ @ Base loading.jl:1948
┌ Warning: Module JACC with build ID ffffffff-ffff-ffff-0005-f440cbc27f52 is missing from the cache.
│ This may mean JACC [0979c8fe-16a4-4796-9b82-89a9f10403ea] does not support precompilation but is imported by a module that does.
└ @ Base loading.jl:1948
┌ Warning: Module JACC with build ID ffffffff-ffff-ffff-0005-f43fc8d30ffa is missing from the cache.
│ This may mean JACC [0979c8fe-16a4-4796-9b82-89a9f10403ea] does not support precompilation but is imported by a module that does.
└ @ Base loading.jl:1948
┌ Warning: Module JACC with build ID ffffffff-ffff-ffff-0005-f440723c0978 is missing from the cache.
│ This may mean JACC [0979c8fe-16a4-4796-9b82-89a9f10403ea] does not support precompilation but is imported by a module that does.
└ @ Base loading.jl:1948
