    Updating registry at `/pscratch/sd/b/blaschke/gs_depot/registries/General.toml`
   Resolving package versions...
    Updating registry at `/pscratch/sd/b/blaschke/gs_depot/registries/General.toml`
   Resolving package versions...
    Updating registry at `/pscratch/sd/b/blaschke/gs_depot/registries/General.toml`
   Resolving package versions...
    Updating registry at `/pscratch/sd/b/blaschke/gs_depot/registries/General.toml`
   Resolving package versions...
  No Changes to `/pscratch/sd/b/blaschke/blaschke/GrayScott.jl/Project.toml`
  No Changes to `/pscratch/sd/b/blaschke/blaschke/GrayScott.jl/Manifest.toml`
  No Changes to `/pscratch/sd/b/blaschke/blaschke/GrayScott.jl/Project.toml`
  No Changes to `/pscratch/sd/b/blaschke/blaschke/GrayScott.jl/Manifest.toml`
  No Changes to `/pscratch/sd/b/blaschke/blaschke/GrayScott.jl/Project.toml`
  No Changes to `/pscratch/sd/b/blaschke/blaschke/GrayScott.jl/Manifest.toml`
  No Changes to `/pscratch/sd/b/blaschke/blaschke/GrayScott.jl/Project.toml`
  No Changes to `/pscratch/sd/b/blaschke/blaschke/GrayScott.jl/Manifest.toml`
Precompiling project...
Precompiling project...
Precompiling project...
    JACCCUDA Being precompiled by another process (pid: 709107, pidfile: /pscratch/sd/b/blaschke/gs_depot/compiled/v1.10/JACCCUDA/HpbLI_z5c7n.ji.pidfile)
    JACCCUDA Being precompiled by another process (pid: 709107, pidfile: /pscratch/sd/b/blaschke/gs_depot/compiled/v1.10/JACCCUDA/HpbLI_z5c7n.ji.pidfile)
    GrayScott Being precompiled by another machine (hostname: nid002768, pid: 634535, pidfile: /pscratch/sd/b/blaschke/gs_depot/compiled/v1.10/GrayScott/IFF6I_z5c7n.ji.pidfile)
    GrayScott Being precompiled by another machine (hostname: nid002768, pid: 634535, pidfile: /pscratch/sd/b/blaschke/gs_depot/compiled/v1.10/GrayScott/IFF6I_z5c7n.ji.pidfile)
    GrayScott Being precompiled by another machine (hostname: nid002768, pid: 634535, pidfile: /pscratch/sd/b/blaschke/gs_depot/compiled/v1.10/GrayScott/IFF6I_z5c7n.ji.pidfile)
Precompiling project...
    JACCCUDA Being precompiled by another process (pid: 709107, pidfile: /pscratch/sd/b/blaschke/gs_depot/compiled/v1.10/JACCCUDA/HpbLI_z5c7n.ji.pidfile)
    GrayScott Being precompiled by another machine (hostname: nid002768, pid: 634535, pidfile: /pscratch/sd/b/blaschke/gs_depot/compiled/v1.10/GrayScott/IFF6I_z5c7n.ji.pidfile)
  ? JACC → JACCCUDA
  ✓ JACC → JACCCUDA
  ✓ JACC → JACCCUDA
  ✓ JACC → JACCCUDA
  ✓ GrayScott
  2 dependencies successfully precompiled in 32 seconds. 124 already precompiled.
  1 dependency precompiled but a different version is currently loaded. Restart julia to access the new version
┌ Warning: Module JACC with build ID ffffffff-ffff-ffff-0000-514ab956176f is missing from the cache.
│ This may mean JACC [0979c8fe-16a4-4796-9b82-89a9f10403ea] does not support precompilation but is imported by a module that does.
└ @ Base loading.jl:1948
  ✓ GrayScott
  2 dependencies successfully precompiled in 43 seconds. 124 already precompiled.
  1 dependency precompiled but a different version is currently loaded. Restart julia to access the new version
  ✓ GrayScott
  2 dependencies successfully precompiled in 44 seconds. 124 already precompiled.
  1 dependency precompiled but a different version is currently loaded. Restart julia to access the new version
  ✓ GrayScott
  1 dependency successfully precompiled in 47 seconds. 124 already precompiled.
  1 dependency precompiled but a different version is currently loaded. Restart julia to access the new version
  1 dependency failed but may be precompilable after restarting julia
┌ Warning: Module JACC with build ID ffffffff-ffff-ffff-0000-514a6306766d is missing from the cache.
│ This may mean JACC [0979c8fe-16a4-4796-9b82-89a9f10403ea] does not support precompilation but is imported by a module that does.
└ @ Base loading.jl:1948
┌ Warning: Module JACC with build ID ffffffff-ffff-ffff-0000-514a1175e8fd is missing from the cache.
│ This may mean JACC [0979c8fe-16a4-4796-9b82-89a9f10403ea] does not support precompilation but is imported by a module that does.
└ @ Base loading.jl:1948
┌ Warning: Module JACC with build ID ffffffff-ffff-ffff-0000-5149bdf47e62 is missing from the cache.
│ This may mean JACC [0979c8fe-16a4-4796-9b82-89a9f10403ea] does not support precompilation but is imported by a module that does.
└ @ Base loading.jl:1948
